Build started 11.01.2014 21:23:03.
     1>Project "D:\studies Mannheim\My Team Project\GIT\TeamProject-master\Team-Project\NAO_API\VS_project\build-sys-windows-amd64\CMakeFiles\2.8.10.2\CompilerIdCXX\CompilerIdCXX.vcxproj" on node 2 (Build target(s)).
     1>InitializeBuildStatus:
         Creating "Debug\CompilerIdCXX.unsuccessfulbuild" because "AlwaysCreate" was specified.
       ClCompile:
         D:\Visual Studio Ultimate 2012\VC\bin\x86_amd64\CL.exe /c /nologo /W0 /WX- /Od /D _MBCS /Gm- /EHsc /RTC1 /MDd /GS /fp:precise /Zc:wchar_t /Zc:forScope /Fo"Debug\\" /Fd"Debug\vc110.pdb" /Gd /TP /errorReport:prompt CMakeCXXCompilerId.cpp
         CMakeCXXCompilerId.cpp
       Link:
         D:\Visual Studio Ultimate 2012\VC\bin\x86_amd64\link.exe /ERRORREPORT:PROMPT /OUT:".\CompilerIdCXX.exe" /INCREMENTAL:NO /NOLOGO kernel32.lib user32.lib gdi32.lib winspool.lib comdlg32.lib advapi32.lib shell32.lib ole32.lib oleaut32.lib uuid.lib odbc32.lib odbccp32.lib /MANIFEST /MANIFESTUAC:"level='asInvoker' uiAccess='false'" /manifest:embed /PDB:".\CompilerIdCXX.pdb" /SUBSYSTEM:CONSOLE /TLBID:1 /DYNAMICBASE /NXCOMPAT /IMPLIB:".\CompilerIdCXX.lib" /MACHINE:X64 Debug\CMakeCXXCompilerId.obj
         CompilerIdCXX.vcxproj -> D:\studies Mannheim\My Team Project\GIT\TeamProject-master\Team-Project\NAO_API\VS_project\build-sys-windows-amd64\CMakeFiles\2.8.10.2\CompilerIdCXX\.\CompilerIdCXX.exe
       PostBuildEvent:
         for %%i in (cl.exe) do @echo CMAKE_CXX_COMPILER=%%~$PATH:i
         :VCEnd
         CMAKE_CXX_COMPILER=D:\Visual Studio Ultimate 2012\VC\bin\x86_amd64\cl.exe
       FinalizeBuildStatus:
         Deleting file "Debug\CompilerIdCXX.unsuccessfulbuild".
         Touching "Debug\CompilerIdCXX.lastbuildstate".
     1>Done Building Project "D:\studies Mannheim\My Team Project\GIT\TeamProject-master\Team-Project\NAO_API\VS_project\build-sys-windows-amd64\CMakeFiles\2.8.10.2\CompilerIdCXX\CompilerIdCXX.vcxproj" (Build target(s)).

Build succeeded.

Time Elapsed 00:00:00.36
