Build started 11.01.2014 21:23:47.
     1>Project "d:\studies mannheim\my team project\GIT\teamproject-master\team-project\NAO_API\vs_project\build-sys-windows-amd64\VS_project.vcxproj" on node 2 (Build target(s)).
     1>InitializeBuildStatus:
         Creating "VS_project.dir\Release\VS_project.unsuccessfulbuild" because "AlwaysCreate" was specified.
       CustomBuild:
         Building Custom Rule d:/studies Mannheim/My Team Project/GIT/TeamProject-master/Team-Project/NAO_API/VS_project/CMakeLists.txt
         CMake does not need to re-run because D:\studies Mannheim\My Team Project\GIT\TeamProject-master\Team-Project\NAO_API\VS_project\build-sys-windows-amd64\CMakeFiles\generate.stamp is up-to-date.
       ClCompile:
         D:\Visual Studio Ultimate 2012\VC\bin\x86_amd64\CL.exe /c /nologo /W3 /WX- /O2 /Ob2 /D WIN32 /D _WINDOWS /D NDEBUG /D "CMAKE_INTDIR=\"Release\"" /D _MBCS /Gm- /EHsc /MD /GS /fp:precise /Zc:wchar_t /Zc:forScope /GR /Fo"VS_project.dir\Release\\" /Fd"D:/studies Mannheim/My Team Project/GIT/TeamProject-master/Team-Project/NAO_API/VS_project/build-sys-windows-amd64/sdk/bin/VS_project.pdb" /Gd /TP /errorReport:prompt  /Zm1000 ..\main.cpp
         main.cpp
       MakeDirsForLink:
         Creating directory "D:\studies Mannheim\My Team Project\GIT\TeamProject-master\Team-Project\NAO_API\VS_project\build-sys-windows-amd64\Release\".
       Link:
         D:\Visual Studio Ultimate 2012\VC\bin\x86_amd64\link.exe /ERRORREPORT:PROMPT /OUT:"D:\studies Mannheim\My Team Project\GIT\TeamProject-master\Team-Project\NAO_API\VS_project\build-sys-windows-amd64\sdk\bin\VS_project.exe" /INCREMENTAL:NO /NOLOGO kernel32.lib user32.lib gdi32.lib winspool.lib shell32.lib ole32.lib oleaut32.lib uuid.lib comdlg32.lib advapi32.lib /MANIFEST /MANIFESTUAC:"level='asInvoker' uiAccess='false'" /manifest:embed /PDB:"D:/studies Mannheim/My Team Project/GIT/TeamProject-master/Team-Project/NAO_API/VS_project/build-sys-windows-amd64/sdk/bin/VS_project.pdb" /SUBSYSTEM:CONSOLE /STACK:"10000000" /TLBID:1 /DYNAMICBASE /NXCOMPAT /IMPLIB:"D:/studies Mannheim/My Team Project/GIT/TeamProject-master/Team-Project/NAO_API/VS_project/build-sys-windows-amd64/Release/VS_project.lib" /MACHINE:X64  /machine:x64 VS_project.dir\Release\main.obj
         VS_project.vcxproj -> D:\studies Mannheim\My Team Project\GIT\TeamProject-master\Team-Project\NAO_API\VS_project\build-sys-windows-amd64\sdk\bin\VS_project.exe
       FinalizeBuildStatus:
         Deleting file "VS_project.dir\Release\VS_project.unsuccessfulbuild".
         Touching "VS_project.dir\Release\VS_project.lastbuildstate".
     1>Done Building Project "d:\studies mannheim\my team project\GIT\teamproject-master\team-project\NAO_API\vs_project\build-sys-windows-amd64\VS_project.vcxproj" (Build target(s)).

Build succeeded.

Time Elapsed 00:00:00.81
