Build started 14.02.2014 15:13:10.
     1>Project "d:\studies mannheim\my team project\GIT\teamproject-master\team-project\NAO_API\vs_project\build-naoqi-sdk\helloworld.vcxproj" on node 3 (build target(s)).
     1>InitializeBuildStatus:
         Creating "helloworld.dir\Debug\helloworld.unsuccessfulbuild" because "AlwaysCreate" was specified.
       CustomBuild:
         Building Custom Rule d:/studies Mannheim/My Team Project/GIT/TeamProject-master/Team-Project/NAO_API/VS_project/CMakeLists.txt
         CMake does not need to re-run because D:\studies Mannheim\My Team Project\GIT\TeamProject-master\Team-Project\NAO_API\VS_project\build-naoqi-sdk\CMakeFiles\generate.stamp is up-to-date.
       ClCompile:
         C:\Program Files (x86)\Microsoft Visual Studio 10.0\VC\bin\CL.exe /c /I"d:/naoqi-sdk-1.14.5-win32-vs2010/include" /I"d:/naoqi-sdk-1.14.5-win32-vs2010/include/soap" /I"d:/naoqi-sdk-1.14.5-win32-vs2010/include/alsoap" /Zi /nologo /W3 /WX- /Od /Ob0 /Oy- /D WIN32 /D _WINDOWS /D _DEBUG /D HELLOWORLD_IS_REMOTE /D BOOST_ALL_NO_LIB /D "CMAKE_INTDIR=\"Debug\"" /D _MBCS /Gm- /EHsc /RTC1 /MDd /GS /fp:precise /Zc:wchar_t /Zc:forScope /GR /Fo"helloworld.dir\Debug\\" /Fd"D:/studies Mannheim/My Team Project/GIT/TeamProject-master/Team-Project/NAO_API/VS_project/build-naoqi-sdk/Debug/helloworld_d.pdb" /Gd /TP /analyze- /errorReport:prompt ..\helloworld.cpp ..\main.cpp  /Zm1000 
         helloworld.cpp
         main.cpp
         Generating Code...
       ManifestResourceCompile:
         C:\Program Files (x86)\Microsoft SDKs\Windows\v7.0A\bin\rc.exe /nologo /fo"helloworld.dir\Debug\helloworld_d.exe.embed.manifest.res" helloworld.dir\Debug\helloworld_d_manifest.rc 
       Link:
         C:\Program Files (x86)\Microsoft Visual Studio 10.0\VC\bin\link.exe /ERRORREPORT:PROMPT /OUT:"D:\studies Mannheim\My Team Project\GIT\TeamProject-master\Team-Project\NAO_API\VS_project\build-naoqi-sdk\sdk\bin\helloworld_d.exe" /INCREMENTAL /NOLOGO kernel32.lib user32.lib gdi32.lib winspool.lib shell32.lib ole32.lib oleaut32.lib uuid.lib comdlg32.lib advapi32.lib "d:\naoqi-sdk-1.14.5-win32-vs2010\lib\alproxies_d.lib" "d:\naoqi-sdk-1.14.5-win32-vs2010\lib\alcommon_d.lib" "d:\naoqi-sdk-1.14.5-win32-vs2010\lib\alsoap_d.lib" "d:\naoqi-sdk-1.14.5-win32-vs2010\lib\rttools_d.lib" "d:\naoqi-sdk-1.14.5-win32-vs2010\lib\althread_d.lib" "d:\naoqi-sdk-1.14.5-win32-vs2010\lib\libboost_signals-vc100-mt-gd-1_47.lib" "d:\naoqi-sdk-1.14.5-win32-vs2010\lib\libboost_program_options-vc100-mt-gd-1_47.lib" "d:\naoqi-sdk-1.14.5-win32-vs2010\lib\alvalue_d.lib" "d:\naoqi-sdk-1.14.5-win32-vs2010\lib\tinyxml_d.lib" "d:\naoqi-sdk-1.14.5-win32-vs2010\lib\qi_d.lib" "d:\naoqi-sdk-1.14.5-win32-vs2010\lib\pthreadVCE2.lib" "d:\naoqi-sdk-1.14.5-win32-vs2010\lib\libboost_filesystem-vc100-mt-gd-1_47.lib" "d:\naoqi-sdk-1.14.5-win32-vs2010\lib\libboost_thread-vc100-mt-gd-1_47.lib" "d:\naoqi-sdk-1.14.5-win32-vs2010\lib\libboost_system-vc100-mt-gd-1_47.lib" "d:\naoqi-sdk-1.14.5-win32-vs2010\lib\libboost_date_time-vc100-mt-gd-1_47.lib" wsock32.lib iphlpapi.lib "d:\naoqi-sdk-1.14.5-win32-vs2010\lib\alerror_d.lib" /MANIFEST /ManifestFile:"helloworld.dir\Debug\helloworld_d.exe.intermediate.manifest" /MANIFESTUAC:"level='asInvoker' uiAccess='false'" /DEBUG /PDB:"D:/studies Mannheim/My Team Project/GIT/TeamProject-master/Team-Project/NAO_API/VS_project/build-naoqi-sdk/Debug/helloworld_d.pdb" /SUBSYSTEM:CONSOLE /STACK:"10000000" /TLBID:1 /DYNAMICBASE /NXCOMPAT /IMPLIB:"D:/studies Mannheim/My Team Project/GIT/TeamProject-master/Team-Project/NAO_API/VS_project/build-naoqi-sdk/Debug/helloworld_d.lib" /MACHINE:X86 helloworld.dir\Debug\helloworld_d.exe.embed.manifest.res
         helloworld.dir\Debug\helloworld.obj
         helloworld.dir\Debug\main.obj  /machine:X86 /debug 
     1>alproxies_d.lib(altexttospeechproxy.cpp.obj) : warning LNK4099: PDB 'alproxies_d.pdb' was not found with 'alproxies_d.lib(altexttospeechproxy.cpp.obj)' or at 'D:\studies Mannheim\My Team Project\GIT\TeamProject-master\Team-Project\NAO_API\VS_project\build-naoqi-sdk\Debug\alproxies_d.pdb'; linking object as if no debug info
     1>alproxies_d.lib(altexttospeechproxyposthandler.cpp.obj) : warning LNK4099: PDB 'alproxies_d.pdb' was not found with 'alproxies_d.lib(altexttospeechproxyposthandler.cpp.obj)' or at 'D:\studies Mannheim\My Team Project\GIT\TeamProject-master\Team-Project\NAO_API\VS_project\build-naoqi-sdk\Debug\alproxies_d.pdb'; linking object as if no debug info
     1>alcommon_d.lib(alproxy.cpp.obj) : warning LNK4099: PDB 'alcommon_d.pdb' was not found with 'alcommon_d.lib(alproxy.cpp.obj)' or at 'D:\studies Mannheim\My Team Project\GIT\TeamProject-master\Team-Project\NAO_API\VS_project\build-naoqi-sdk\Debug\alcommon_d.pdb'; linking object as if no debug info
     1>alcommon_d.lib(alpcallbase.cpp.obj) : warning LNK4099: PDB 'alcommon_d.pdb' was not found with 'alcommon_d.lib(alpcallbase.cpp.obj)' or at 'D:\studies Mannheim\My Team Project\GIT\TeamProject-master\Team-Project\NAO_API\VS_project\build-naoqi-sdk\Debug\alcommon_d.pdb'; linking object as if no debug info
     1>alcommon_d.lib(almodule.cpp.obj) : warning LNK4099: PDB 'alcommon_d.pdb' was not found with 'alcommon_d.lib(almodule.cpp.obj)' or at 'D:\studies Mannheim\My Team Project\GIT\TeamProject-master\Team-Project\NAO_API\VS_project\build-naoqi-sdk\Debug\alcommon_d.pdb'; linking object as if no debug info
     1>alcommon_d.lib(albroker.cpp.obj) : warning LNK4099: PDB 'alcommon_d.pdb' was not found with 'alcommon_d.lib(albroker.cpp.obj)' or at 'D:\studies Mannheim\My Team Project\GIT\TeamProject-master\Team-Project\NAO_API\VS_project\build-naoqi-sdk\Debug\alcommon_d.pdb'; linking object as if no debug info
     1>alcommon_d.lib(albrokermanager.cpp.obj) : warning LNK4099: PDB 'alcommon_d.pdb' was not found with 'alcommon_d.lib(albrokermanager.cpp.obj)' or at 'D:\studies Mannheim\My Team Project\GIT\TeamProject-master\Team-Project\NAO_API\VS_project\build-naoqi-sdk\Debug\alcommon_d.pdb'; linking object as if no debug info
     1>alcommon_d.lib(almodulecore.cpp.obj) : warning LNK4099: PDB 'alcommon_d.pdb' was not found with 'alcommon_d.lib(almodulecore.cpp.obj)' or at 'D:\studies Mannheim\My Team Project\GIT\TeamProject-master\Team-Project\NAO_API\VS_project\build-naoqi-sdk\Debug\alcommon_d.pdb'; linking object as if no debug info
     1>alcommon_d.lib(altaskinfo.cpp.obj) : warning LNK4099: PDB 'alcommon_d.pdb' was not found with 'alcommon_d.lib(altaskinfo.cpp.obj)' or at 'D:\studies Mannheim\My Team Project\GIT\TeamProject-master\Team-Project\NAO_API\VS_project\build-naoqi-sdk\Debug\alcommon_d.pdb'; linking object as if no debug info
     1>alcommon_d.lib(alpcalltask.cpp.obj) : warning LNK4099: PDB 'alcommon_d.pdb' was not found with 'alcommon_d.lib(alpcalltask.cpp.obj)' or at 'D:\studies Mannheim\My Team Project\GIT\TeamProject-master\Team-Project\NAO_API\VS_project\build-naoqi-sdk\Debug\alcommon_d.pdb'; linking object as if no debug info
     1>alcommon_d.lib(altaskmonitor.cpp.obj) : warning LNK4099: PDB 'alcommon_d.pdb' was not found with 'alcommon_d.lib(altaskmonitor.cpp.obj)' or at 'D:\studies Mannheim\My Team Project\GIT\TeamProject-master\Team-Project\NAO_API\VS_project\build-naoqi-sdk\Debug\alcommon_d.pdb'; linking object as if no debug info
     1>alcommon_d.lib(almonitoredsection.cpp.obj) : warning LNK4099: PDB 'alcommon_d.pdb' was not found with 'alcommon_d.lib(almonitoredsection.cpp.obj)' or at 'D:\studies Mannheim\My Team Project\GIT\TeamProject-master\Team-Project\NAO_API\VS_project\build-naoqi-sdk\Debug\alcommon_d.pdb'; linking object as if no debug info
     1>alcommon_d.lib(albrokerproxy.cpp.obj) : warning LNK4099: PDB 'alcommon_d.pdb' was not found with 'alcommon_d.lib(albrokerproxy.cpp.obj)' or at 'D:\studies Mannheim\My Team Project\GIT\TeamProject-master\Team-Project\NAO_API\VS_project\build-naoqi-sdk\Debug\alcommon_d.pdb'; linking object as if no debug info
     1>alcommon_d.lib(alnetwork.cpp.obj) : warning LNK4099: PDB 'alcommon_d.pdb' was not found with 'alcommon_d.lib(alnetwork.cpp.obj)' or at 'D:\studies Mannheim\My Team Project\GIT\TeamProject-master\Team-Project\NAO_API\VS_project\build-naoqi-sdk\Debug\alcommon_d.pdb'; linking object as if no debug info
     1>alcommon_d.lib(albrokerimpl.cpp.obj) : warning LNK4099: PDB 'alcommon_d.pdb' was not found with 'alcommon_d.lib(albrokerimpl.cpp.obj)' or at 'D:\studies Mannheim\My Team Project\GIT\TeamProject-master\Team-Project\NAO_API\VS_project\build-naoqi-sdk\Debug\alcommon_d.pdb'; linking object as if no debug info
     1>alcommon_d.lib(alconnection.cpp.obj) : warning LNK4099: PDB 'alcommon_d.pdb' was not found with 'alcommon_d.lib(alconnection.cpp.obj)' or at 'D:\studies Mannheim\My Team Project\GIT\TeamProject-master\Team-Project\NAO_API\VS_project\build-naoqi-sdk\Debug\alcommon_d.pdb'; linking object as if no debug info
     1>alcommon_d.lib(albrokerinfo.cpp.obj) : warning LNK4099: PDB 'alcommon_d.pdb' was not found with 'alcommon_d.lib(albrokerinfo.cpp.obj)' or at 'D:\studies Mannheim\My Team Project\GIT\TeamProject-master\Team-Project\NAO_API\VS_project\build-naoqi-sdk\Debug\alcommon_d.pdb'; linking object as if no debug info
     1>alcommon_d.lib(alremotepcallpool.cpp.obj) : warning LNK4099: PDB 'alcommon_d.pdb' was not found with 'alcommon_d.lib(alremotepcallpool.cpp.obj)' or at 'D:\studies Mannheim\My Team Project\GIT\TeamProject-master\Team-Project\NAO_API\VS_project\build-naoqi-sdk\Debug\alcommon_d.pdb'; linking object as if no debug info
     1>alcommon_d.lib(albrokertask.cpp.obj) : warning LNK4099: PDB 'alcommon_d.pdb' was not found with 'alcommon_d.lib(albrokertask.cpp.obj)' or at 'D:\studies Mannheim\My Team Project\GIT\TeamProject-master\Team-Project\NAO_API\VS_project\build-naoqi-sdk\Debug\alcommon_d.pdb'; linking object as if no debug info
     1>alcommon_d.lib(alparamtype.cpp.obj) : warning LNK4099: PDB 'alcommon_d.pdb' was not found with 'alcommon_d.lib(alparamtype.cpp.obj)' or at 'D:\studies Mannheim\My Team Project\GIT\TeamProject-master\Team-Project\NAO_API\VS_project\build-naoqi-sdk\Debug\alcommon_d.pdb'; linking object as if no debug info
     1>alcommon_d.lib(altoolsmain.cpp.obj) : warning LNK4099: PDB 'alcommon_d.pdb' was not found with 'alcommon_d.lib(altoolsmain.cpp.obj)' or at 'D:\studies Mannheim\My Team Project\GIT\TeamProject-master\Team-Project\NAO_API\VS_project\build-naoqi-sdk\Debug\alcommon_d.pdb'; linking object as if no debug info
     1>alsoap_d.lib(stdsoap2.cpp.obj) : warning LNK4099: PDB 'alsoap_d.pdb' was not found with 'alsoap_d.lib(stdsoap2.cpp.obj)' or at 'D:\studies Mannheim\My Team Project\GIT\TeamProject-master\Team-Project\NAO_API\VS_project\build-naoqi-sdk\Debug\alsoap_d.pdb'; linking object as if no debug info
     1>alsoap_d.lib(ALC.cpp.obj) : warning LNK4099: PDB 'alsoap_d.pdb' was not found with 'alsoap_d.lib(ALC.cpp.obj)' or at 'D:\studies Mannheim\My Team Project\GIT\TeamProject-master\Team-Project\NAO_API\VS_project\build-naoqi-sdk\Debug\alsoap_d.pdb'; linking object as if no debug info
     1>alsoap_d.lib(ALClient.cpp.obj) : warning LNK4099: PDB 'alsoap_d.pdb' was not found with 'alsoap_d.lib(ALClient.cpp.obj)' or at 'D:\studies Mannheim\My Team Project\GIT\TeamProject-master\Team-Project\NAO_API\VS_project\build-naoqi-sdk\Debug\alsoap_d.pdb'; linking object as if no debug info
     1>alsoap_d.lib(ALServer.cpp.obj) : warning LNK4099: PDB 'alsoap_d.pdb' was not found with 'alsoap_d.lib(ALServer.cpp.obj)' or at 'D:\studies Mannheim\My Team Project\GIT\TeamProject-master\Team-Project\NAO_API\VS_project\build-naoqi-sdk\Debug\alsoap_d.pdb'; linking object as if no debug info
     1>alsoap_d.lib(alvaluesoap.cpp.obj) : warning LNK4099: PDB 'alsoap_d.pdb' was not found with 'alsoap_d.lib(alvaluesoap.cpp.obj)' or at 'D:\studies Mannheim\My Team Project\GIT\TeamProject-master\Team-Project\NAO_API\VS_project\build-naoqi-sdk\Debug\alsoap_d.pdb'; linking object as if no debug info
     1>alsoap_d.lib(envC.cpp.obj) : warning LNK4099: PDB 'alsoap_d.pdb' was not found with 'alsoap_d.lib(envC.cpp.obj)' or at 'D:\studies Mannheim\My Team Project\GIT\TeamProject-master\Team-Project\NAO_API\VS_project\build-naoqi-sdk\Debug\alsoap_d.pdb'; linking object as if no debug info
     1>rttools_d.lib(rttime.cpp.obj) : warning LNK4099: PDB 'rttools_d.pdb' was not found with 'rttools_d.lib(rttime.cpp.obj)' or at 'D:\studies Mannheim\My Team Project\GIT\TeamProject-master\Team-Project\NAO_API\VS_project\build-naoqi-sdk\Debug\rttools_d.pdb'; linking object as if no debug info
     1>althread_d.lib(altask.cpp.obj) : warning LNK4099: PDB 'althread_d.pdb' was not found with 'althread_d.lib(altask.cpp.obj)' or at 'D:\studies Mannheim\My Team Project\GIT\TeamProject-master\Team-Project\NAO_API\VS_project\build-naoqi-sdk\Debug\althread_d.pdb'; linking object as if no debug info
     1>althread_d.lib(alcriticaltrueiflocked.cpp.obj) : warning LNK4099: PDB 'althread_d.pdb' was not found with 'althread_d.lib(alcriticaltrueiflocked.cpp.obj)' or at 'D:\studies Mannheim\My Team Project\GIT\TeamProject-master\Team-Project\NAO_API\VS_project\build-naoqi-sdk\Debug\althread_d.pdb'; linking object as if no debug info
     1>althread_d.lib(alcriticalsection.cpp.obj) : warning LNK4099: PDB 'althread_d.pdb' was not found with 'althread_d.lib(alcriticalsection.cpp.obj)' or at 'D:\studies Mannheim\My Team Project\GIT\TeamProject-master\Team-Project\NAO_API\VS_project\build-naoqi-sdk\Debug\althread_d.pdb'; linking object as if no debug info
     1>althread_d.lib(alcriticalsectionread.cpp.obj) : warning LNK4099: PDB 'althread_d.pdb' was not found with 'althread_d.lib(alcriticalsectionread.cpp.obj)' or at 'D:\studies Mannheim\My Team Project\GIT\TeamProject-master\Team-Project\NAO_API\VS_project\build-naoqi-sdk\Debug\althread_d.pdb'; linking object as if no debug info
     1>althread_d.lib(alcriticalsectionwrite.cpp.obj) : warning LNK4099: PDB 'althread_d.pdb' was not found with 'althread_d.lib(alcriticalsectionwrite.cpp.obj)' or at 'D:\studies Mannheim\My Team Project\GIT\TeamProject-master\Team-Project\NAO_API\VS_project\build-naoqi-sdk\Debug\althread_d.pdb'; linking object as if no debug info
     1>althread_d.lib(almonitor.cpp.obj) : warning LNK4099: PDB 'althread_d.pdb' was not found with 'althread_d.lib(almonitor.cpp.obj)' or at 'D:\studies Mannheim\My Team Project\GIT\TeamProject-master\Team-Project\NAO_API\VS_project\build-naoqi-sdk\Debug\althread_d.pdb'; linking object as if no debug info
     1>althread_d.lib(almutex.cpp.obj) : warning LNK4099: PDB 'althread_d.pdb' was not found with 'althread_d.lib(almutex.cpp.obj)' or at 'D:\studies Mannheim\My Team Project\GIT\TeamProject-master\Team-Project\NAO_API\VS_project\build-naoqi-sdk\Debug\althread_d.pdb'; linking object as if no debug info
     1>althread_d.lib(althread.cpp.obj) : warning LNK4099: PDB 'althread_d.pdb' was not found with 'althread_d.lib(althread.cpp.obj)' or at 'D:\studies Mannheim\My Team Project\GIT\TeamProject-master\Team-Project\NAO_API\VS_project\build-naoqi-sdk\Debug\althread_d.pdb'; linking object as if no debug info
     1>althread_d.lib(althreadpool.cpp.obj) : warning LNK4099: PDB 'althread_d.pdb' was not found with 'althread_d.lib(althreadpool.cpp.obj)' or at 'D:\studies Mannheim\My Team Project\GIT\TeamProject-master\Team-Project\NAO_API\VS_project\build-naoqi-sdk\Debug\althread_d.pdb'; linking object as if no debug info
     1>althread_d.lib(alconditionmanager.cpp.obj) : warning LNK4099: PDB 'althread_d.pdb' was not found with 'althread_d.lib(alconditionmanager.cpp.obj)' or at 'D:\studies Mannheim\My Team Project\GIT\TeamProject-master\Team-Project\NAO_API\VS_project\build-naoqi-sdk\Debug\althread_d.pdb'; linking object as if no debug info
     1>alvalue_d.lib(alvalue.cpp.obj) : warning LNK4099: PDB 'alvalue_d.pdb' was not found with 'alvalue_d.lib(alvalue.cpp.obj)' or at 'D:\studies Mannheim\My Team Project\GIT\TeamProject-master\Team-Project\NAO_API\VS_project\build-naoqi-sdk\Debug\alvalue_d.pdb'; linking object as if no debug info
     1>tinyxml_d.lib(tinyxml.cpp.obj) : warning LNK4099: PDB 'tinyxml_d.pdb' was not found with 'tinyxml_d.lib(tinyxml.cpp.obj)' or at 'D:\studies Mannheim\My Team Project\GIT\TeamProject-master\Team-Project\NAO_API\VS_project\build-naoqi-sdk\Debug\tinyxml_d.pdb'; linking object as if no debug info
     1>tinyxml_d.lib(tinyxmlerror.cpp.obj) : warning LNK4099: PDB 'tinyxml_d.pdb' was not found with 'tinyxml_d.lib(tinyxmlerror.cpp.obj)' or at 'D:\studies Mannheim\My Team Project\GIT\TeamProject-master\Team-Project\NAO_API\VS_project\build-naoqi-sdk\Debug\tinyxml_d.pdb'; linking object as if no debug info
     1>tinyxml_d.lib(tinyxmlparser.cpp.obj) : warning LNK4099: PDB 'tinyxml_d.pdb' was not found with 'tinyxml_d.lib(tinyxmlparser.cpp.obj)' or at 'D:\studies Mannheim\My Team Project\GIT\TeamProject-master\Team-Project\NAO_API\VS_project\build-naoqi-sdk\Debug\tinyxml_d.pdb'; linking object as if no debug info
     1>alerror_d.lib(alerror.cpp.obj) : warning LNK4099: PDB 'alerror_d.pdb' was not found with 'alerror_d.lib(alerror.cpp.obj)' or at 'D:\studies Mannheim\My Team Project\GIT\TeamProject-master\Team-Project\NAO_API\VS_project\build-naoqi-sdk\Debug\alerror_d.pdb'; linking object as if no debug info
     1>alerror_d.lib(alnetworkerror.cpp.obj) : warning LNK4099: PDB 'alerror_d.pdb' was not found with 'alerror_d.lib(alnetworkerror.cpp.obj)' or at 'D:\studies Mannheim\My Team Project\GIT\TeamProject-master\Team-Project\NAO_API\VS_project\build-naoqi-sdk\Debug\alerror_d.pdb'; linking object as if no debug info
       Manifest:
         C:\Program Files (x86)\Microsoft SDKs\Windows\v7.0A\bin\mt.exe /nologo /verbose /out:"helloworld.dir\Debug\helloworld_d.exe.embed.manifest" /manifest helloworld.dir\Debug\helloworld_d.exe.intermediate.manifest
         C:\Program Files (x86)\Microsoft SDKs\Windows\v7.0A\bin\rc.exe /nologo /fo"helloworld.dir\Debug\helloworld_d.exe.embed.manifest.res" helloworld.dir\Debug\helloworld_d_manifest.rc 
       LinkEmbedManifest:
         C:\Program Files (x86)\Microsoft Visual Studio 10.0\VC\bin\link.exe /ERRORREPORT:PROMPT /OUT:"D:\studies Mannheim\My Team Project\GIT\TeamProject-master\Team-Project\NAO_API\VS_project\build-naoqi-sdk\sdk\bin\helloworld_d.exe" /INCREMENTAL /NOLOGO kernel32.lib user32.lib gdi32.lib winspool.lib shell32.lib ole32.lib oleaut32.lib uuid.lib comdlg32.lib advapi32.lib "d:\naoqi-sdk-1.14.5-win32-vs2010\lib\alproxies_d.lib" "d:\naoqi-sdk-1.14.5-win32-vs2010\lib\alcommon_d.lib" "d:\naoqi-sdk-1.14.5-win32-vs2010\lib\alsoap_d.lib" "d:\naoqi-sdk-1.14.5-win32-vs2010\lib\rttools_d.lib" "d:\naoqi-sdk-1.14.5-win32-vs2010\lib\althread_d.lib" "d:\naoqi-sdk-1.14.5-win32-vs2010\lib\libboost_signals-vc100-mt-gd-1_47.lib" "d:\naoqi-sdk-1.14.5-win32-vs2010\lib\libboost_program_options-vc100-mt-gd-1_47.lib" "d:\naoqi-sdk-1.14.5-win32-vs2010\lib\alvalue_d.lib" "d:\naoqi-sdk-1.14.5-win32-vs2010\lib\tinyxml_d.lib" "d:\naoqi-sdk-1.14.5-win32-vs2010\lib\qi_d.lib" "d:\naoqi-sdk-1.14.5-win32-vs2010\lib\pthreadVCE2.lib" "d:\naoqi-sdk-1.14.5-win32-vs2010\lib\libboost_filesystem-vc100-mt-gd-1_47.lib" "d:\naoqi-sdk-1.14.5-win32-vs2010\lib\libboost_thread-vc100-mt-gd-1_47.lib" "d:\naoqi-sdk-1.14.5-win32-vs2010\lib\libboost_system-vc100-mt-gd-1_47.lib" "d:\naoqi-sdk-1.14.5-win32-vs2010\lib\libboost_date_time-vc100-mt-gd-1_47.lib" wsock32.lib iphlpapi.lib "d:\naoqi-sdk-1.14.5-win32-vs2010\lib\alerror_d.lib" /MANIFEST /ManifestFile:"helloworld.dir\Debug\helloworld_d.exe.intermediate.manifest" /MANIFESTUAC:"level='asInvoker' uiAccess='false'" /DEBUG /PDB:"D:/studies Mannheim/My Team Project/GIT/TeamProject-master/Team-Project/NAO_API/VS_project/build-naoqi-sdk/Debug/helloworld_d.pdb" /SUBSYSTEM:CONSOLE /STACK:"10000000" /TLBID:1 /DYNAMICBASE /NXCOMPAT /IMPLIB:"D:/studies Mannheim/My Team Project/GIT/TeamProject-master/Team-Project/NAO_API/VS_project/build-naoqi-sdk/Debug/helloworld_d.lib" /MACHINE:X86 helloworld.dir\Debug\helloworld_d.exe.embed.manifest.res
         helloworld.dir\Debug\helloworld.obj
         helloworld.dir\Debug\main.obj  /machine:X86 /debug 
     1>alproxies_d.lib(altexttospeechproxy.cpp.obj) : warning LNK4099: PDB 'alproxies_d.pdb' was not found with 'alproxies_d.lib(altexttospeechproxy.cpp.obj)' or at 'D:\studies Mannheim\My Team Project\GIT\TeamProject-master\Team-Project\NAO_API\VS_project\build-naoqi-sdk\Debug\alproxies_d.pdb'; linking object as if no debug info
     1>alproxies_d.lib(altexttospeechproxyposthandler.cpp.obj) : warning LNK4099: PDB 'alproxies_d.pdb' was not found with 'alproxies_d.lib(altexttospeechproxyposthandler.cpp.obj)' or at 'D:\studies Mannheim\My Team Project\GIT\TeamProject-master\Team-Project\NAO_API\VS_project\build-naoqi-sdk\Debug\alproxies_d.pdb'; linking object as if no debug info
     1>alcommon_d.lib(alproxy.cpp.obj) : warning LNK4099: PDB 'alcommon_d.pdb' was not found with 'alcommon_d.lib(alproxy.cpp.obj)' or at 'D:\studies Mannheim\My Team Project\GIT\TeamProject-master\Team-Project\NAO_API\VS_project\build-naoqi-sdk\Debug\alcommon_d.pdb'; linking object as if no debug info
     1>alcommon_d.lib(alpcallbase.cpp.obj) : warning LNK4099: PDB 'alcommon_d.pdb' was not found with 'alcommon_d.lib(alpcallbase.cpp.obj)' or at 'D:\studies Mannheim\My Team Project\GIT\TeamProject-master\Team-Project\NAO_API\VS_project\build-naoqi-sdk\Debug\alcommon_d.pdb'; linking object as if no debug info
     1>alcommon_d.lib(almodule.cpp.obj) : warning LNK4099: PDB 'alcommon_d.pdb' was not found with 'alcommon_d.lib(almodule.cpp.obj)' or at 'D:\studies Mannheim\My Team Project\GIT\TeamProject-master\Team-Project\NAO_API\VS_project\build-naoqi-sdk\Debug\alcommon_d.pdb'; linking object as if no debug info
     1>alcommon_d.lib(albroker.cpp.obj) : warning LNK4099: PDB 'alcommon_d.pdb' was not found with 'alcommon_d.lib(albroker.cpp.obj)' or at 'D:\studies Mannheim\My Team Project\GIT\TeamProject-master\Team-Project\NAO_API\VS_project\build-naoqi-sdk\Debug\alcommon_d.pdb'; linking object as if no debug info
     1>alcommon_d.lib(albrokermanager.cpp.obj) : warning LNK4099: PDB 'alcommon_d.pdb' was not found with 'alcommon_d.lib(albrokermanager.cpp.obj)' or at 'D:\studies Mannheim\My Team Project\GIT\TeamProject-master\Team-Project\NAO_API\VS_project\build-naoqi-sdk\Debug\alcommon_d.pdb'; linking object as if no debug info
     1>alcommon_d.lib(almodulecore.cpp.obj) : warning LNK4099: PDB 'alcommon_d.pdb' was not found with 'alcommon_d.lib(almodulecore.cpp.obj)' or at 'D:\studies Mannheim\My Team Project\GIT\TeamProject-master\Team-Project\NAO_API\VS_project\build-naoqi-sdk\Debug\alcommon_d.pdb'; linking object as if no debug info
     1>alcommon_d.lib(altaskinfo.cpp.obj) : warning LNK4099: PDB 'alcommon_d.pdb' was not found with 'alcommon_d.lib(altaskinfo.cpp.obj)' or at 'D:\studies Mannheim\My Team Project\GIT\TeamProject-master\Team-Project\NAO_API\VS_project\build-naoqi-sdk\Debug\alcommon_d.pdb'; linking object as if no debug info
     1>alcommon_d.lib(alpcalltask.cpp.obj) : warning LNK4099: PDB 'alcommon_d.pdb' was not found with 'alcommon_d.lib(alpcalltask.cpp.obj)' or at 'D:\studies Mannheim\My Team Project\GIT\TeamProject-master\Team-Project\NAO_API\VS_project\build-naoqi-sdk\Debug\alcommon_d.pdb'; linking object as if no debug info
     1>alcommon_d.lib(altaskmonitor.cpp.obj) : warning LNK4099: PDB 'alcommon_d.pdb' was not found with 'alcommon_d.lib(altaskmonitor.cpp.obj)' or at 'D:\studies Mannheim\My Team Project\GIT\TeamProject-master\Team-Project\NAO_API\VS_project\build-naoqi-sdk\Debug\alcommon_d.pdb'; linking object as if no debug info
     1>alcommon_d.lib(almonitoredsection.cpp.obj) : warning LNK4099: PDB 'alcommon_d.pdb' was not found with 'alcommon_d.lib(almonitoredsection.cpp.obj)' or at 'D:\studies Mannheim\My Team Project\GIT\TeamProject-master\Team-Project\NAO_API\VS_project\build-naoqi-sdk\Debug\alcommon_d.pdb'; linking object as if no debug info
     1>alcommon_d.lib(albrokerproxy.cpp.obj) : warning LNK4099: PDB 'alcommon_d.pdb' was not found with 'alcommon_d.lib(albrokerproxy.cpp.obj)' or at 'D:\studies Mannheim\My Team Project\GIT\TeamProject-master\Team-Project\NAO_API\VS_project\build-naoqi-sdk\Debug\alcommon_d.pdb'; linking object as if no debug info
     1>alcommon_d.lib(alnetwork.cpp.obj) : warning LNK4099: PDB 'alcommon_d.pdb' was not found with 'alcommon_d.lib(alnetwork.cpp.obj)' or at 'D:\studies Mannheim\My Team Project\GIT\TeamProject-master\Team-Project\NAO_API\VS_project\build-naoqi-sdk\Debug\alcommon_d.pdb'; linking object as if no debug info
     1>alcommon_d.lib(albrokerimpl.cpp.obj) : warning LNK4099: PDB 'alcommon_d.pdb' was not found with 'alcommon_d.lib(albrokerimpl.cpp.obj)' or at 'D:\studies Mannheim\My Team Project\GIT\TeamProject-master\Team-Project\NAO_API\VS_project\build-naoqi-sdk\Debug\alcommon_d.pdb'; linking object as if no debug info
     1>alcommon_d.lib(alconnection.cpp.obj) : warning LNK4099: PDB 'alcommon_d.pdb' was not found with 'alcommon_d.lib(alconnection.cpp.obj)' or at 'D:\studies Mannheim\My Team Project\GIT\TeamProject-master\Team-Project\NAO_API\VS_project\build-naoqi-sdk\Debug\alcommon_d.pdb'; linking object as if no debug info
     1>alcommon_d.lib(albrokerinfo.cpp.obj) : warning LNK4099: PDB 'alcommon_d.pdb' was not found with 'alcommon_d.lib(albrokerinfo.cpp.obj)' or at 'D:\studies Mannheim\My Team Project\GIT\TeamProject-master\Team-Project\NAO_API\VS_project\build-naoqi-sdk\Debug\alcommon_d.pdb'; linking object as if no debug info
     1>alcommon_d.lib(alremotepcallpool.cpp.obj) : warning LNK4099: PDB 'alcommon_d.pdb' was not found with 'alcommon_d.lib(alremotepcallpool.cpp.obj)' or at 'D:\studies Mannheim\My Team Project\GIT\TeamProject-master\Team-Project\NAO_API\VS_project\build-naoqi-sdk\Debug\alcommon_d.pdb'; linking object as if no debug info
     1>alcommon_d.lib(albrokertask.cpp.obj) : warning LNK4099: PDB 'alcommon_d.pdb' was not found with 'alcommon_d.lib(albrokertask.cpp.obj)' or at 'D:\studies Mannheim\My Team Project\GIT\TeamProject-master\Team-Project\NAO_API\VS_project\build-naoqi-sdk\Debug\alcommon_d.pdb'; linking object as if no debug info
     1>alcommon_d.lib(alparamtype.cpp.obj) : warning LNK4099: PDB 'alcommon_d.pdb' was not found with 'alcommon_d.lib(alparamtype.cpp.obj)' or at 'D:\studies Mannheim\My Team Project\GIT\TeamProject-master\Team-Project\NAO_API\VS_project\build-naoqi-sdk\Debug\alcommon_d.pdb'; linking object as if no debug info
     1>alcommon_d.lib(altoolsmain.cpp.obj) : warning LNK4099: PDB 'alcommon_d.pdb' was not found with 'alcommon_d.lib(altoolsmain.cpp.obj)' or at 'D:\studies Mannheim\My Team Project\GIT\TeamProject-master\Team-Project\NAO_API\VS_project\build-naoqi-sdk\Debug\alcommon_d.pdb'; linking object as if no debug info
     1>alsoap_d.lib(stdsoap2.cpp.obj) : warning LNK4099: PDB 'alsoap_d.pdb' was not found with 'alsoap_d.lib(stdsoap2.cpp.obj)' or at 'D:\studies Mannheim\My Team Project\GIT\TeamProject-master\Team-Project\NAO_API\VS_project\build-naoqi-sdk\Debug\alsoap_d.pdb'; linking object as if no debug info
     1>alsoap_d.lib(ALC.cpp.obj) : warning LNK4099: PDB 'alsoap_d.pdb' was not found with 'alsoap_d.lib(ALC.cpp.obj)' or at 'D:\studies Mannheim\My Team Project\GIT\TeamProject-master\Team-Project\NAO_API\VS_project\build-naoqi-sdk\Debug\alsoap_d.pdb'; linking object as if no debug info
     1>alsoap_d.lib(ALClient.cpp.obj) : warning LNK4099: PDB 'alsoap_d.pdb' was not found with 'alsoap_d.lib(ALClient.cpp.obj)' or at 'D:\studies Mannheim\My Team Project\GIT\TeamProject-master\Team-Project\NAO_API\VS_project\build-naoqi-sdk\Debug\alsoap_d.pdb'; linking object as if no debug info
     1>alsoap_d.lib(ALServer.cpp.obj) : warning LNK4099: PDB 'alsoap_d.pdb' was not found with 'alsoap_d.lib(ALServer.cpp.obj)' or at 'D:\studies Mannheim\My Team Project\GIT\TeamProject-master\Team-Project\NAO_API\VS_project\build-naoqi-sdk\Debug\alsoap_d.pdb'; linking object as if no debug info
     1>alsoap_d.lib(alvaluesoap.cpp.obj) : warning LNK4099: PDB 'alsoap_d.pdb' was not found with 'alsoap_d.lib(alvaluesoap.cpp.obj)' or at 'D:\studies Mannheim\My Team Project\GIT\TeamProject-master\Team-Project\NAO_API\VS_project\build-naoqi-sdk\Debug\alsoap_d.pdb'; linking object as if no debug info
     1>alsoap_d.lib(envC.cpp.obj) : warning LNK4099: PDB 'alsoap_d.pdb' was not found with 'alsoap_d.lib(envC.cpp.obj)' or at 'D:\studies Mannheim\My Team Project\GIT\TeamProject-master\Team-Project\NAO_API\VS_project\build-naoqi-sdk\Debug\alsoap_d.pdb'; linking object as if no debug info
     1>rttools_d.lib(rttime.cpp.obj) : warning LNK4099: PDB 'rttools_d.pdb' was not found with 'rttools_d.lib(rttime.cpp.obj)' or at 'D:\studies Mannheim\My Team Project\GIT\TeamProject-master\Team-Project\NAO_API\VS_project\build-naoqi-sdk\Debug\rttools_d.pdb'; linking object as if no debug info
     1>althread_d.lib(altask.cpp.obj) : warning LNK4099: PDB 'althread_d.pdb' was not found with 'althread_d.lib(altask.cpp.obj)' or at 'D:\studies Mannheim\My Team Project\GIT\TeamProject-master\Team-Project\NAO_API\VS_project\build-naoqi-sdk\Debug\althread_d.pdb'; linking object as if no debug info
     1>althread_d.lib(alcriticaltrueiflocked.cpp.obj) : warning LNK4099: PDB 'althread_d.pdb' was not found with 'althread_d.lib(alcriticaltrueiflocked.cpp.obj)' or at 'D:\studies Mannheim\My Team Project\GIT\TeamProject-master\Team-Project\NAO_API\VS_project\build-naoqi-sdk\Debug\althread_d.pdb'; linking object as if no debug info
     1>althread_d.lib(alcriticalsection.cpp.obj) : warning LNK4099: PDB 'althread_d.pdb' was not found with 'althread_d.lib(alcriticalsection.cpp.obj)' or at 'D:\studies Mannheim\My Team Project\GIT\TeamProject-master\Team-Project\NAO_API\VS_project\build-naoqi-sdk\Debug\althread_d.pdb'; linking object as if no debug info
     1>althread_d.lib(alcriticalsectionread.cpp.obj) : warning LNK4099: PDB 'althread_d.pdb' was not found with 'althread_d.lib(alcriticalsectionread.cpp.obj)' or at 'D:\studies Mannheim\My Team Project\GIT\TeamProject-master\Team-Project\NAO_API\VS_project\build-naoqi-sdk\Debug\althread_d.pdb'; linking object as if no debug info
     1>althread_d.lib(alcriticalsectionwrite.cpp.obj) : warning LNK4099: PDB 'althread_d.pdb' was not found with 'althread_d.lib(alcriticalsectionwrite.cpp.obj)' or at 'D:\studies Mannheim\My Team Project\GIT\TeamProject-master\Team-Project\NAO_API\VS_project\build-naoqi-sdk\Debug\althread_d.pdb'; linking object as if no debug info
     1>althread_d.lib(almonitor.cpp.obj) : warning LNK4099: PDB 'althread_d.pdb' was not found with 'althread_d.lib(almonitor.cpp.obj)' or at 'D:\studies Mannheim\My Team Project\GIT\TeamProject-master\Team-Project\NAO_API\VS_project\build-naoqi-sdk\Debug\althread_d.pdb'; linking object as if no debug info
     1>althread_d.lib(almutex.cpp.obj) : warning LNK4099: PDB 'althread_d.pdb' was not found with 'althread_d.lib(almutex.cpp.obj)' or at 'D:\studies Mannheim\My Team Project\GIT\TeamProject-master\Team-Project\NAO_API\VS_project\build-naoqi-sdk\Debug\althread_d.pdb'; linking object as if no debug info
     1>althread_d.lib(althread.cpp.obj) : warning LNK4099: PDB 'althread_d.pdb' was not found with 'althread_d.lib(althread.cpp.obj)' or at 'D:\studies Mannheim\My Team Project\GIT\TeamProject-master\Team-Project\NAO_API\VS_project\build-naoqi-sdk\Debug\althread_d.pdb'; linking object as if no debug info
     1>althread_d.lib(althreadpool.cpp.obj) : warning LNK4099: PDB 'althread_d.pdb' was not found with 'althread_d.lib(althreadpool.cpp.obj)' or at 'D:\studies Mannheim\My Team Project\GIT\TeamProject-master\Team-Project\NAO_API\VS_project\build-naoqi-sdk\Debug\althread_d.pdb'; linking object as if no debug info
     1>althread_d.lib(alconditionmanager.cpp.obj) : warning LNK4099: PDB 'althread_d.pdb' was not found with 'althread_d.lib(alconditionmanager.cpp.obj)' or at 'D:\studies Mannheim\My Team Project\GIT\TeamProject-master\Team-Project\NAO_API\VS_project\build-naoqi-sdk\Debug\althread_d.pdb'; linking object as if no debug info
     1>alvalue_d.lib(alvalue.cpp.obj) : warning LNK4099: PDB 'alvalue_d.pdb' was not found with 'alvalue_d.lib(alvalue.cpp.obj)' or at 'D:\studies Mannheim\My Team Project\GIT\TeamProject-master\Team-Project\NAO_API\VS_project\build-naoqi-sdk\Debug\alvalue_d.pdb'; linking object as if no debug info
     1>tinyxml_d.lib(tinyxml.cpp.obj) : warning LNK4099: PDB 'tinyxml_d.pdb' was not found with 'tinyxml_d.lib(tinyxml.cpp.obj)' or at 'D:\studies Mannheim\My Team Project\GIT\TeamProject-master\Team-Project\NAO_API\VS_project\build-naoqi-sdk\Debug\tinyxml_d.pdb'; linking object as if no debug info
     1>tinyxml_d.lib(tinyxmlerror.cpp.obj) : warning LNK4099: PDB 'tinyxml_d.pdb' was not found with 'tinyxml_d.lib(tinyxmlerror.cpp.obj)' or at 'D:\studies Mannheim\My Team Project\GIT\TeamProject-master\Team-Project\NAO_API\VS_project\build-naoqi-sdk\Debug\tinyxml_d.pdb'; linking object as if no debug info
     1>tinyxml_d.lib(tinyxmlparser.cpp.obj) : warning LNK4099: PDB 'tinyxml_d.pdb' was not found with 'tinyxml_d.lib(tinyxmlparser.cpp.obj)' or at 'D:\studies Mannheim\My Team Project\GIT\TeamProject-master\Team-Project\NAO_API\VS_project\build-naoqi-sdk\Debug\tinyxml_d.pdb'; linking object as if no debug info
     1>alerror_d.lib(alerror.cpp.obj) : warning LNK4099: PDB 'alerror_d.pdb' was not found with 'alerror_d.lib(alerror.cpp.obj)' or at 'D:\studies Mannheim\My Team Project\GIT\TeamProject-master\Team-Project\NAO_API\VS_project\build-naoqi-sdk\Debug\alerror_d.pdb'; linking object as if no debug info
     1>alerror_d.lib(alnetworkerror.cpp.obj) : warning LNK4099: PDB 'alerror_d.pdb' was not found with 'alerror_d.lib(alnetworkerror.cpp.obj)' or at 'D:\studies Mannheim\My Team Project\GIT\TeamProject-master\Team-Project\NAO_API\VS_project\build-naoqi-sdk\Debug\alerror_d.pdb'; linking object as if no debug info
         helloworld.vcxproj -> D:\studies Mannheim\My Team Project\GIT\TeamProject-master\Team-Project\NAO_API\VS_project\build-naoqi-sdk\sdk\bin\helloworld_d.exe
       FinalizeBuildStatus:
         Deleting file "helloworld.dir\Debug\helloworld.unsuccessfulbuild".
         Touching "helloworld.dir\Debug\helloworld.lastbuildstate".
     1>Done Building Project "d:\studies mannheim\my team project\GIT\teamproject-master\team-project\NAO_API\vs_project\build-naoqi-sdk\helloworld.vcxproj" (build target(s)).

Build succeeded.

Time Elapsed 00:00:17.67
