Build started 11.01.2014 21:23:02.
     1>Project "D:\studies Mannheim\My Team Project\GIT\TeamProject-master\Team-Project\NAO_API\VS_project\build-sys-windows-amd64\CMakeFiles\2.8.10.2\CompilerIdC\CompilerIdC.vcxproj" on node 2 (Build target(s)).
     1>InitializeBuildStatus:
         Creating "Debug\CompilerIdC.unsuccessfulbuild" because "AlwaysCreate" was specified.
       ClCompile:
         D:\Visual Studio Ultimate 2012\VC\bin\x86_amd64\CL.exe /c /nologo /W0 /WX- /Od /D _MBCS /Gm- /EHsc /RTC1 /MDd /GS /fp:precise /Zc:wchar_t /Zc:forScope /Fo"Debug\\" /Fd"Debug\vc110.pdb" /Gd /TC /errorReport:prompt CMakeCCompilerId.c
         CMakeCCompilerId.c
       Link:
         D:\Visual Studio Ultimate 2012\VC\bin\x86_amd64\link.exe /ERRORREPORT:PROMPT /OUT:".\CompilerIdC.exe" /INCREMENTAL:NO /NOLOGO kernel32.lib user32.lib gdi32.lib winspool.lib comdlg32.lib advapi32.lib shell32.lib ole32.lib oleaut32.lib uuid.lib odbc32.lib odbccp32.lib /MANIFEST /MANIFESTUAC:"level='asInvoker' uiAccess='false'" /manifest:embed /PDB:".\CompilerIdC.pdb" /SUBSYSTEM:CONSOLE /TLBID:1 /DYNAMICBASE /NXCOMPAT /IMPLIB:".\CompilerIdC.lib" /MACHINE:X64 Debug\CMakeCCompilerId.obj
         CompilerIdC.vcxproj -> D:\studies Mannheim\My Team Project\GIT\TeamProject-master\Team-Project\NAO_API\VS_project\build-sys-windows-amd64\CMakeFiles\2.8.10.2\CompilerIdC\.\CompilerIdC.exe
       PostBuildEvent:
         for %%i in (cl.exe) do @echo CMAKE_C_COMPILER=%%~$PATH:i
         :VCEnd
         CMAKE_C_COMPILER=D:\Visual Studio Ultimate 2012\VC\bin\x86_amd64\cl.exe
       FinalizeBuildStatus:
         Deleting file "Debug\CompilerIdC.unsuccessfulbuild".
         Touching "Debug\CompilerIdC.lastbuildstate".
     1>Done Building Project "D:\studies Mannheim\My Team Project\GIT\TeamProject-master\Team-Project\NAO_API\VS_project\build-sys-windows-amd64\CMakeFiles\2.8.10.2\CompilerIdC\CompilerIdC.vcxproj" (Build target(s)).

Build succeeded.

Time Elapsed 00:00:00.34
